[+] Containers:
 |- [+] Container: /Game/ThirdPerson/Maps/ThirdPersonMap
 |   |- [+] ActorDescs:
 |   |   |- Guid:048F56BD4020F1C837CE529C01FDB323 NativeClass:/Script/Engine.StaticMeshActor Name:StaticMeshActor_UAID_345A600A461BAA4502_1724909287 Label:Sphere3 SpatiallyLoaded:true EditorBounds:IsValid=true, Min=(X=980.050 Y=1560.050 Z=650.000), Max=(X=1179.950 Y=1759.950 Z=849.900) RuntimeBounds:IsValid=true, Min=(X=980.050 Y=1560.050 Z=650.000), Max=(X=1179.950 Y=1759.950 Z=849.900) RuntimeGrid:None EditorOnly:false RuntimeOnly:false HLODRelevant:true ListedInSceneOutliner:true IsMainWorldOnly:false
 |   |   |- Guid:108DE86A455E3852F97D179491E86BCD NativeClass:/Script/Engine.StaticMeshActor Name:StaticMeshActor_UAID_345A600A461BAA4502_1712450286 Label:Sphere2 SpatiallyLoaded:true EditorBounds:IsValid=true, Min=(X=1240.050 Y=1210.050 Z=650.000), Max=(X=1439.950 Y=1409.950 Z=849.900) RuntimeBounds:IsValid=true, Min=(X=1240.050 Y=1210.050 Z=650.000), Max=(X=1439.950 Y=1409.950 Z=849.900) RuntimeGrid:None EditorOnly:false RuntimeOnly:false HLODRelevant:true ListedInSceneOutliner:true IsMainWorldOnly:false
 |   |   |- Guid:268F08CA477C121CD49E9CB551610383 NativeClass:/Script/Engine.StaticMeshActor Name:StaticMeshActor_UAID_345A600A461BD34E02_1652821999 Label:Plane SpatiallyLoaded:true EditorBounds:IsValid=true, Min=(X=-7537.625 Y=-106.625 Z=70.000), Max=(X=5417.625 Y=6.625 Z=70.000) RuntimeBounds:IsValid=true, Min=(X=-7537.625 Y=-106.625 Z=70.000), Max=(X=5417.625 Y=6.625 Z=70.000) RuntimeGrid:None EditorOnly:false RuntimeOnly:false HLODRelevant:true ListedInSceneOutliner:true IsMainWorldOnly:false
 |   |   |- Guid:2FB58999456391D349DC0F86DAC136ED NativeClass:/Script/Engine.SkyLight Name:SkyLight_1 Label:SkyLight SpatiallyLoaded:false EditorBounds:IsValid=true, Min=(X=-1.000 Y=-1.000 Z=-1.000), Max=(X=1.000 Y=1.000 Z=690.000) RuntimeBounds:IsValid=true, Min=(X=0.000 Y=0.000 Z=690.000), Max=(X=0.000 Y=0.000 Z=690.000) RuntimeGrid:None EditorOnly:false RuntimeOnly:false HLODRelevant:false ListedInSceneOutliner:true IsMainWorldOnly:false FolderPath:Lighting FolderGuid:963EC3EB4002CCE9759E2EBA541A873A
 |   |   |- Guid:316CF2A6494ACA4C0E4180A87D36AB8F NativeClass:/Script/Engine.ExponentialHeightFog Name:ExponentialHeightFog_0 Label:ExponentialHeightFog SpatiallyLoaded:false EditorBounds:IsValid=true, Min=(X=-5600.000 Y=-50.000 Z=-6850.000), Max=(X=-5600.000 Y=-50.000 Z=-6850.000) RuntimeBounds:IsValid=true, Min=(X=-5600.000 Y=-50.000 Z=-6850.000), Max=(X=-5600.000 Y=-50.000 Z=-6850.000) RuntimeGrid:None EditorOnly:false RuntimeOnly:false HLODRelevant:false ListedInSceneOutliner:true IsMainWorldOnly:false FolderPath:Lighting FolderGuid:963EC3EB4002CCE9759E2EBA541A873A
 |   |   |- Guid:3A00AA1C422CE54C0BDB60BAF471BFBB NativeClass:/Script/Engine.PlayerStart Name:PlayerStart_0 Label:PlayerStart SpatiallyLoaded:false EditorBounds:IsValid=true, Min=(X=-128.000 Y=-128.000 Z=72.000), Max=(X=240.000 Y=128.000 Z=328.000) RuntimeBounds:IsValid=true, Min=(X=-40.000 Y=-40.000 Z=108.000), Max=(X=40.000 Y=40.000 Z=292.000) RuntimeGrid:None EditorOnly:false RuntimeOnly:false HLODRelevant:false ListedInSceneOutliner:true IsMainWorldOnly:false
 |   |   |- Guid:40A3E41744CD1AEDF594BC851530D3AB NativeClass:/Script/Engine.SpotLight Name:SpotLight_UAID_345A600A461B654A02_1766075415 Label:SpotLight SpatiallyLoaded:true EditorBounds:IsValid=true, Min=(X=-1576.627 Y=833.925 Z=-195.193), Max=(X=-164.476 Y=2246.075 Z=1216.958) RuntimeBounds:IsValid=true, Min=(X=-1576.627 Y=833.925 Z=-195.193), Max=(X=-164.476 Y=2246.075 Z=1216.958) RuntimeGrid:None EditorOnly:false RuntimeOnly:false HLODRelevant:false ListedInSceneOutliner:true IsMainWorldOnly:false
 |   |   |- Guid:4A119CFF403D7B195132F8AC09E9EBD2 NativeClass:/Script/Engine.SkeletalMeshActor Name:SkeletalMeshActor_UAID_345A600A461BA74C02_2019340143 Label:Rumba_Dancing SpatiallyLoaded:true EditorBounds:IsValid=true, Min=(X=501.581 Y=-258.903 Z=96.023), Max=(X=610.748 Y=-192.155 Z=283.988) RuntimeBounds:IsValid=true, Min=(X=501.581 Y=-258.903 Z=96.023), Max=(X=610.748 Y=-192.155 Z=283.988) RuntimeGrid:None EditorOnly:false RuntimeOnly:false HLODRelevant:false ListedInSceneOutliner:true IsMainWorldOnly:false
 |   |   |- Guid:4D3BE93F4146AAAC8BBE79999D96D57F NativeClass:/Script/Engine.VolumetricCloud Name:VolumetricCloud_0 Label:VolumetricCloud SpatiallyLoaded:false EditorBounds:IsValid=true, Min=(X=0.000 Y=0.000 Z=820.000), Max=(X=0.000 Y=0.000 Z=820.000) RuntimeBounds:IsValid=true, Min=(X=0.000 Y=0.000 Z=820.000), Max=(X=0.000 Y=0.000 Z=820.000) RuntimeGrid:None EditorOnly:false RuntimeOnly:false HLODRelevant:false ListedInSceneOutliner:true IsMainWorldOnly:false FolderPath:Lighting FolderGuid:963EC3EB4002CCE9759E2EBA541A873A
 |   |   |- Guid:5AE16453430E92A270A2BC87993B2D26 NativeClass:/Script/Engine.StaticMeshActor Name:StaticMeshActor_UAID_345A600A461BAA4502_1925323290 Label:Cone SpatiallyLoaded:true EditorBounds:IsValid=true, Min=(X=-1028.750 Y=1311.250 Z=-195.000), Max=(X=-571.250 Y=1768.750 Z=720.000) RuntimeBounds:IsValid=true, Min=(X=-1028.750 Y=1311.250 Z=-195.000), Max=(X=-571.250 Y=1768.750 Z=720.000) RuntimeGrid:None EditorOnly:false RuntimeOnly:false HLODRelevant:true ListedInSceneOutliner:true IsMainWorldOnly:false
 |   |   |- Guid:69C967964F4B2CC2912BD5BA21EF4553 NativeClass:/Script/Engine.StaticMeshActor Name:StaticMeshActor_UAID_345A600A461BAA4502_1622342284 Label:Torus SpatiallyLoaded:true EditorBounds:IsValid=true, Min=(X=1800.000 Y=1095.290 Z=555.290), Max=(X=2060.000 Y=1824.710 Z=1284.710) RuntimeBounds:IsValid=true, Min=(X=1800.000 Y=1095.290 Z=555.290), Max=(X=2060.000 Y=1824.710 Z=1284.710) RuntimeGrid:None EditorOnly:false RuntimeOnly:false HLODRelevant:true ListedInSceneOutliner:true IsMainWorldOnly:false
 |   |   |- Guid:6BAF4DDD444C60371492D3919DB42C97 NativeClass:/Script/Engine.WorldDataLayers Name:WorldDataLayers Label:WorldDataLayers SpatiallyLoaded:false EditorBounds:IsValid=true, Min=(X=0.000 Y=0.000 Z=0.000), Max=(X=0.000 Y=0.000 Z=0.000) RuntimeBounds:IsValid=true, Min=(X=0.000 Y=0.000 Z=0.000), Max=(X=0.000 Y=0.000 Z=0.000) RuntimeGrid:None EditorOnly:false RuntimeOnly:false HLODRelevant:false ListedInSceneOutliner:true IsMainWorldOnly:true
 |   |   |- Guid:B785ED2844B84CFB91E7F39FE661CD99 NativeClass:/Script/Engine.DirectionalLight Name:DirectionalLight_0 Label:DirectionalLight SpatiallyLoaded:false EditorBounds:IsValid=true, Min=(X=-1048576.000 Y=-1048576.000 Z=-1048576.000), Max=(X=1048576.000 Y=1048576.000 Z=1048576.000) RuntimeBounds:IsValid=true, Min=(X=-1048576.000 Y=-1048576.000 Z=-1048576.000), Max=(X=1048576.000 Y=1048576.000 Z=1048576.000) RuntimeGrid:None EditorOnly:false RuntimeOnly:false HLODRelevant:false ListedInSceneOutliner:true IsMainWorldOnly:false FolderPath:Lighting FolderGuid:963EC3EB4002CCE9759E2EBA541A873A
 |   |   |- Guid:BD26CA7E48AB0714D110ABA9A71356B6 NativeClass:/Script/Engine.StaticMeshActor Name:StaticMeshActor_UAID_345A600A461BAA4502_1710118285 Label:Sphere SpatiallyLoaded:true EditorBounds:IsValid=true, Min=(X=1460.050 Y=1550.050 Z=650.000), Max=(X=1659.950 Y=1749.950 Z=849.900) RuntimeBounds:IsValid=true, Min=(X=1460.050 Y=1550.050 Z=650.000), Max=(X=1659.950 Y=1749.950 Z=849.900) RuntimeGrid:None EditorOnly:false RuntimeOnly:false HLODRelevant:true ListedInSceneOutliner:true IsMainWorldOnly:false
 |   |   |- Guid:CCFF262C46EEFFDF319E7F9539CE697E NativeClass:/Script/Engine.SkyAtmosphere Name:SkyAtmosphere_0 Label:SkyAtmosphere SpatiallyLoaded:false EditorBounds:IsValid=true, Min=(X=0.000 Y=0.000 Z=1020.000), Max=(X=0.000 Y=0.000 Z=1020.000) RuntimeBounds:IsValid=true, Min=(X=0.000 Y=0.000 Z=1020.000), Max=(X=0.000 Y=0.000 Z=1020.000) RuntimeGrid:None EditorOnly:false RuntimeOnly:false HLODRelevant:false ListedInSceneOutliner:true IsMainWorldOnly:false FolderPath:Lighting FolderGuid:963EC3EB4002CCE9759E2EBA541A873A
 |   |   |- Guid:CD59C85445309B985D5F9BA759BA7192 NativeClass:/Script/Engine.StaticMeshActor Name:StaticMeshActor_UAID_345A600A461BA84502_1942715928 Label:CubeGridToolOutput SpatiallyLoaded:true EditorBounds:IsValid=true, Min=(X=-100.000 Y=-500.000 Z=-0.000), Max=(X=2100.000 Y=500.000 Z=100.000) RuntimeBounds:IsValid=true, Min=(X=-100.000 Y=-500.000 Z=-0.000), Max=(X=2100.000 Y=500.000 Z=100.000) RuntimeGrid:None EditorOnly:false RuntimeOnly:false HLODRelevant:true ListedInSceneOutliner:true IsMainWorldOnly:false
 |   |   |- Guid:E3702FF248A60F7A1FCB8CB64A4BCBD6 NativeClass:/Script/Engine.StaticMeshActor Name:StaticMeshActor_UAID_345A600A461BA94502_1217037107 Label:Stairs SpatiallyLoaded:true EditorBounds:IsValid=true, Min=(X=2200.000 Y=-600.000 Z=80.000), Max=(X=3600.000 Y=1500.000 Z=800.000) RuntimeBounds:IsValid=true, Min=(X=2200.000 Y=-600.000 Z=80.000), Max=(X=3600.000 Y=1500.000 Z=800.000) RuntimeGrid:None EditorOnly:false RuntimeOnly:false HLODRelevant:true ListedInSceneOutliner:true IsMainWorldOnly:false
 |   |   |- Guid:E52C302240C86F33F57D5FA1890997B8 NativeClass:/Script/Engine.StaticMeshActor Name:StaticMeshActor_UAID_345A600A461BAA4502_1866079289 Label:Cylinder SpatiallyLoaded:true EditorBounds:IsValid=true, Min=(X=-410.000 Y=1490.000 Z=660.000), Max=(X=540.000 Y=1590.000 Z=760.000) RuntimeBounds:IsValid=true, Min=(X=-410.000 Y=1490.000 Z=660.000), Max=(X=540.000 Y=1590.000 Z=760.000) RuntimeGrid:None EditorOnly:false RuntimeOnly:false HLODRelevant:true ListedInSceneOutliner:true IsMainWorldOnly:false
 |   |   |- Guid:EC4E0C944CE6AC6E784BC6BB2916EA13 NativeClass:/Script/Engine.StaticMeshActor Name:StaticMeshActor_UAID_A4AE111137DC5EFB00_1110535423 Label:SM_SkySphere SpatiallyLoaded:false EditorBounds:IsValid=true, Min=(X=-1638400.000 Y=-1638400.000 Z=-1638400.000), Max=(X=1638400.000 Y=1638400.000 Z=1638400.000) RuntimeBounds:IsValid=true, Min=(X=-1638400.000 Y=-1638400.000 Z=-1638400.000), Max=(X=1638400.000 Y=1638400.000 Z=1638400.000) RuntimeGrid:None EditorOnly:false RuntimeOnly:false HLODRelevant:true ListedInSceneOutliner:true IsMainWorldOnly:false FolderPath:Lighting FolderGuid:963EC3EB4002CCE9759E2EBA541A873A
 |   |   |- Guid:F5E3FEB3450C49844FD93DA8E083C8AD NativeClass:/Script/Engine.PostProcessVolume Name:PostProcessVolume_0 Label:PostProcessVolume SpatiallyLoaded:false EditorBounds:IsValid=true, Min=(X=0.000 Y=0.000 Z=400.000), Max=(X=200.000 Y=200.000 Z=600.000) RuntimeBounds:IsValid=true, Min=(X=0.000 Y=0.000 Z=400.000), Max=(X=200.000 Y=200.000 Z=600.000) RuntimeGrid:None EditorOnly:false RuntimeOnly:false HLODRelevant:false ListedInSceneOutliner:true IsMainWorldOnly:false FolderPath:Lighting FolderGuid:963EC3EB4002CCE9759E2EBA541A873A
 |   |   |- Guid:F71A51404DE3BC3A56D96B8138021112 NativeClass:/Script/Engine.StaticMeshActor Name:StaticMeshActor_UAID_345A600A461BAA4502_1737372288 Label:Sphere4 SpatiallyLoaded:true EditorBounds:IsValid=true, Min=(X=700.050 Y=1270.050 Z=650.000), Max=(X=899.950 Y=1469.950 Z=849.900) RuntimeBounds:IsValid=true, Min=(X=700.050 Y=1270.050 Z=650.000), Max=(X=899.950 Y=1469.950 Z=849.900) RuntimeGrid:None EditorOnly:false RuntimeOnly:false HLODRelevant:true ListedInSceneOutliner:true IsMainWorldOnly:false
 |   |- [+] Clusters:
 |   |   |- [+] [  0]
 |   |   |   |- Guid:048F56BD4020F1C837CE529C01FDB323 NativeClass:/Script/Engine.StaticMeshActor Name:StaticMeshActor_UAID_345A600A461BAA4502_1724909287 Label:Sphere3 SpatiallyLoaded:true EditorBounds:IsValid=true, Min=(X=980.050 Y=1560.050 Z=650.000), Max=(X=1179.950 Y=1759.950 Z=849.900) RuntimeBounds:IsValid=true, Min=(X=980.050 Y=1560.050 Z=650.000), Max=(X=1179.950 Y=1759.950 Z=849.900) RuntimeGrid:None EditorOnly:false RuntimeOnly:false HLODRelevant:true ListedInSceneOutliner:true IsMainWorldOnly:false
 |   |   |- [+] [  1]
 |   |   |   |- Guid:108DE86A455E3852F97D179491E86BCD NativeClass:/Script/Engine.StaticMeshActor Name:StaticMeshActor_UAID_345A600A461BAA4502_1712450286 Label:Sphere2 SpatiallyLoaded:true EditorBounds:IsValid=true, Min=(X=1240.050 Y=1210.050 Z=650.000), Max=(X=1439.950 Y=1409.950 Z=849.900) RuntimeBounds:IsValid=true, Min=(X=1240.050 Y=1210.050 Z=650.000), Max=(X=1439.950 Y=1409.950 Z=849.900) RuntimeGrid:None EditorOnly:false RuntimeOnly:false HLODRelevant:true ListedInSceneOutliner:true IsMainWorldOnly:false
 |   |   |- [+] [  2]
 |   |   |   |- Guid:268F08CA477C121CD49E9CB551610383 NativeClass:/Script/Engine.StaticMeshActor Name:StaticMeshActor_UAID_345A600A461BD34E02_1652821999 Label:Plane SpatiallyLoaded:true EditorBounds:IsValid=true, Min=(X=-7537.625 Y=-106.625 Z=70.000), Max=(X=5417.625 Y=6.625 Z=70.000) RuntimeBounds:IsValid=true, Min=(X=-7537.625 Y=-106.625 Z=70.000), Max=(X=5417.625 Y=6.625 Z=70.000) RuntimeGrid:None EditorOnly:false RuntimeOnly:false HLODRelevant:true ListedInSceneOutliner:true IsMainWorldOnly:false
 |   |   |- [+] [  3]
 |   |   |   |- Guid:2FB58999456391D349DC0F86DAC136ED NativeClass:/Script/Engine.SkyLight Name:SkyLight_1 Label:SkyLight SpatiallyLoaded:false EditorBounds:IsValid=true, Min=(X=-1.000 Y=-1.000 Z=-1.000), Max=(X=1.000 Y=1.000 Z=690.000) RuntimeBounds:IsValid=true, Min=(X=0.000 Y=0.000 Z=690.000), Max=(X=0.000 Y=0.000 Z=690.000) RuntimeGrid:None EditorOnly:false RuntimeOnly:false HLODRelevant:false ListedInSceneOutliner:true IsMainWorldOnly:false FolderPath:Lighting FolderGuid:963EC3EB4002CCE9759E2EBA541A873A
 |   |   |- [+] [  4]
 |   |   |   |- Guid:316CF2A6494ACA4C0E4180A87D36AB8F NativeClass:/Script/Engine.ExponentialHeightFog Name:ExponentialHeightFog_0 Label:ExponentialHeightFog SpatiallyLoaded:false EditorBounds:IsValid=true, Min=(X=-5600.000 Y=-50.000 Z=-6850.000), Max=(X=-5600.000 Y=-50.000 Z=-6850.000) RuntimeBounds:IsValid=true, Min=(X=-5600.000 Y=-50.000 Z=-6850.000), Max=(X=-5600.000 Y=-50.000 Z=-6850.000) RuntimeGrid:None EditorOnly:false RuntimeOnly:false HLODRelevant:false ListedInSceneOutliner:true IsMainWorldOnly:false FolderPath:Lighting FolderGuid:963EC3EB4002CCE9759E2EBA541A873A
 |   |   |- [+] [  5]
 |   |   |   |- Guid:3A00AA1C422CE54C0BDB60BAF471BFBB NativeClass:/Script/Engine.PlayerStart Name:PlayerStart_0 Label:PlayerStart SpatiallyLoaded:false EditorBounds:IsValid=true, Min=(X=-128.000 Y=-128.000 Z=72.000), Max=(X=240.000 Y=128.000 Z=328.000) RuntimeBounds:IsValid=true, Min=(X=-40.000 Y=-40.000 Z=108.000), Max=(X=40.000 Y=40.000 Z=292.000) RuntimeGrid:None EditorOnly:false RuntimeOnly:false HLODRelevant:false ListedInSceneOutliner:true IsMainWorldOnly:false
 |   |   |- [+] [  6]
 |   |   |   |- Guid:40A3E41744CD1AEDF594BC851530D3AB NativeClass:/Script/Engine.SpotLight Name:SpotLight_UAID_345A600A461B654A02_1766075415 Label:SpotLight SpatiallyLoaded:true EditorBounds:IsValid=true, Min=(X=-1576.627 Y=833.925 Z=-195.193), Max=(X=-164.476 Y=2246.075 Z=1216.958) RuntimeBounds:IsValid=true, Min=(X=-1576.627 Y=833.925 Z=-195.193), Max=(X=-164.476 Y=2246.075 Z=1216.958) RuntimeGrid:None EditorOnly:false RuntimeOnly:false HLODRelevant:false ListedInSceneOutliner:true IsMainWorldOnly:false
 |   |   |- [+] [  7]
 |   |   |   |- Guid:4A119CFF403D7B195132F8AC09E9EBD2 NativeClass:/Script/Engine.SkeletalMeshActor Name:SkeletalMeshActor_UAID_345A600A461BA74C02_2019340143 Label:Rumba_Dancing SpatiallyLoaded:true EditorBounds:IsValid=true, Min=(X=501.581 Y=-258.903 Z=96.023), Max=(X=610.748 Y=-192.155 Z=283.988) RuntimeBounds:IsValid=true, Min=(X=501.581 Y=-258.903 Z=96.023), Max=(X=610.748 Y=-192.155 Z=283.988) RuntimeGrid:None EditorOnly:false RuntimeOnly:false HLODRelevant:false ListedInSceneOutliner:true IsMainWorldOnly:false
 |   |   |- [+] [  8]
 |   |   |   |- Guid:4D3BE93F4146AAAC8BBE79999D96D57F NativeClass:/Script/Engine.VolumetricCloud Name:VolumetricCloud_0 Label:VolumetricCloud SpatiallyLoaded:false EditorBounds:IsValid=true, Min=(X=0.000 Y=0.000 Z=820.000), Max=(X=0.000 Y=0.000 Z=820.000) RuntimeBounds:IsValid=true, Min=(X=0.000 Y=0.000 Z=820.000), Max=(X=0.000 Y=0.000 Z=820.000) RuntimeGrid:None EditorOnly:false RuntimeOnly:false HLODRelevant:false ListedInSceneOutliner:true IsMainWorldOnly:false FolderPath:Lighting FolderGuid:963EC3EB4002CCE9759E2EBA541A873A
 |   |   |- [+] [  9]
 |   |   |   |- Guid:5AE16453430E92A270A2BC87993B2D26 NativeClass:/Script/Engine.StaticMeshActor Name:StaticMeshActor_UAID_345A600A461BAA4502_1925323290 Label:Cone SpatiallyLoaded:true EditorBounds:IsValid=true, Min=(X=-1028.750 Y=1311.250 Z=-195.000), Max=(X=-571.250 Y=1768.750 Z=720.000) RuntimeBounds:IsValid=true, Min=(X=-1028.750 Y=1311.250 Z=-195.000), Max=(X=-571.250 Y=1768.750 Z=720.000) RuntimeGrid:None EditorOnly:false RuntimeOnly:false HLODRelevant:true ListedInSceneOutliner:true IsMainWorldOnly:false
 |   |   |- [+] [ 10]
 |   |   |   |- Guid:69C967964F4B2CC2912BD5BA21EF4553 NativeClass:/Script/Engine.StaticMeshActor Name:StaticMeshActor_UAID_345A600A461BAA4502_1622342284 Label:Torus SpatiallyLoaded:true EditorBounds:IsValid=true, Min=(X=1800.000 Y=1095.290 Z=555.290), Max=(X=2060.000 Y=1824.710 Z=1284.710) RuntimeBounds:IsValid=true, Min=(X=1800.000 Y=1095.290 Z=555.290), Max=(X=2060.000 Y=1824.710 Z=1284.710) RuntimeGrid:None EditorOnly:false RuntimeOnly:false HLODRelevant:true ListedInSceneOutliner:true IsMainWorldOnly:false
 |   |   |- [+] [ 11]
 |   |   |   |- Guid:6BAF4DDD444C60371492D3919DB42C97 NativeClass:/Script/Engine.WorldDataLayers Name:WorldDataLayers Label:WorldDataLayers SpatiallyLoaded:false EditorBounds:IsValid=true, Min=(X=0.000 Y=0.000 Z=0.000), Max=(X=0.000 Y=0.000 Z=0.000) RuntimeBounds:IsValid=true, Min=(X=0.000 Y=0.000 Z=0.000), Max=(X=0.000 Y=0.000 Z=0.000) RuntimeGrid:None EditorOnly:false RuntimeOnly:false HLODRelevant:false ListedInSceneOutliner:true IsMainWorldOnly:true
 |   |   |- [+] [ 12]
 |   |   |   |- Guid:B785ED2844B84CFB91E7F39FE661CD99 NativeClass:/Script/Engine.DirectionalLight Name:DirectionalLight_0 Label:DirectionalLight SpatiallyLoaded:false EditorBounds:IsValid=true, Min=(X=-1048576.000 Y=-1048576.000 Z=-1048576.000), Max=(X=1048576.000 Y=1048576.000 Z=1048576.000) RuntimeBounds:IsValid=true, Min=(X=-1048576.000 Y=-1048576.000 Z=-1048576.000), Max=(X=1048576.000 Y=1048576.000 Z=1048576.000) RuntimeGrid:None EditorOnly:false RuntimeOnly:false HLODRelevant:false ListedInSceneOutliner:true IsMainWorldOnly:false FolderPath:Lighting FolderGuid:963EC3EB4002CCE9759E2EBA541A873A
 |   |   |- [+] [ 13]
 |   |   |   |- Guid:BD26CA7E48AB0714D110ABA9A71356B6 NativeClass:/Script/Engine.StaticMeshActor Name:StaticMeshActor_UAID_345A600A461BAA4502_1710118285 Label:Sphere SpatiallyLoaded:true EditorBounds:IsValid=true, Min=(X=1460.050 Y=1550.050 Z=650.000), Max=(X=1659.950 Y=1749.950 Z=849.900) RuntimeBounds:IsValid=true, Min=(X=1460.050 Y=1550.050 Z=650.000), Max=(X=1659.950 Y=1749.950 Z=849.900) RuntimeGrid:None EditorOnly:false RuntimeOnly:false HLODRelevant:true ListedInSceneOutliner:true IsMainWorldOnly:false
 |   |   |- [+] [ 14]
 |   |   |   |- Guid:CCFF262C46EEFFDF319E7F9539CE697E NativeClass:/Script/Engine.SkyAtmosphere Name:SkyAtmosphere_0 Label:SkyAtmosphere SpatiallyLoaded:false EditorBounds:IsValid=true, Min=(X=0.000 Y=0.000 Z=1020.000), Max=(X=0.000 Y=0.000 Z=1020.000) RuntimeBounds:IsValid=true, Min=(X=0.000 Y=0.000 Z=1020.000), Max=(X=0.000 Y=0.000 Z=1020.000) RuntimeGrid:None EditorOnly:false RuntimeOnly:false HLODRelevant:false ListedInSceneOutliner:true IsMainWorldOnly:false FolderPath:Lighting FolderGuid:963EC3EB4002CCE9759E2EBA541A873A
 |   |   |- [+] [ 15]
 |   |   |   |- Guid:CD59C85445309B985D5F9BA759BA7192 NativeClass:/Script/Engine.StaticMeshActor Name:StaticMeshActor_UAID_345A600A461BA84502_1942715928 Label:CubeGridToolOutput SpatiallyLoaded:true EditorBounds:IsValid=true, Min=(X=-100.000 Y=-500.000 Z=-0.000), Max=(X=2100.000 Y=500.000 Z=100.000) RuntimeBounds:IsValid=true, Min=(X=-100.000 Y=-500.000 Z=-0.000), Max=(X=2100.000 Y=500.000 Z=100.000) RuntimeGrid:None EditorOnly:false RuntimeOnly:false HLODRelevant:true ListedInSceneOutliner:true IsMainWorldOnly:false
 |   |   |- [+] [ 16]
 |   |   |   |- Guid:E3702FF248A60F7A1FCB8CB64A4BCBD6 NativeClass:/Script/Engine.StaticMeshActor Name:StaticMeshActor_UAID_345A600A461BA94502_1217037107 Label:Stairs SpatiallyLoaded:true EditorBounds:IsValid=true, Min=(X=2200.000 Y=-600.000 Z=80.000), Max=(X=3600.000 Y=1500.000 Z=800.000) RuntimeBounds:IsValid=true, Min=(X=2200.000 Y=-600.000 Z=80.000), Max=(X=3600.000 Y=1500.000 Z=800.000) RuntimeGrid:None EditorOnly:false RuntimeOnly:false HLODRelevant:true ListedInSceneOutliner:true IsMainWorldOnly:false
 |   |   |- [+] [ 17]
 |   |   |   |- Guid:E52C302240C86F33F57D5FA1890997B8 NativeClass:/Script/Engine.StaticMeshActor Name:StaticMeshActor_UAID_345A600A461BAA4502_1866079289 Label:Cylinder SpatiallyLoaded:true EditorBounds:IsValid=true, Min=(X=-410.000 Y=1490.000 Z=660.000), Max=(X=540.000 Y=1590.000 Z=760.000) RuntimeBounds:IsValid=true, Min=(X=-410.000 Y=1490.000 Z=660.000), Max=(X=540.000 Y=1590.000 Z=760.000) RuntimeGrid:None EditorOnly:false RuntimeOnly:false HLODRelevant:true ListedInSceneOutliner:true IsMainWorldOnly:false
 |   |   |- [+] [ 18]
 |   |   |   |- Guid:EC4E0C944CE6AC6E784BC6BB2916EA13 NativeClass:/Script/Engine.StaticMeshActor Name:StaticMeshActor_UAID_A4AE111137DC5EFB00_1110535423 Label:SM_SkySphere SpatiallyLoaded:false EditorBounds:IsValid=true, Min=(X=-1638400.000 Y=-1638400.000 Z=-1638400.000), Max=(X=1638400.000 Y=1638400.000 Z=1638400.000) RuntimeBounds:IsValid=true, Min=(X=-1638400.000 Y=-1638400.000 Z=-1638400.000), Max=(X=1638400.000 Y=1638400.000 Z=1638400.000) RuntimeGrid:None EditorOnly:false RuntimeOnly:false HLODRelevant:true ListedInSceneOutliner:true IsMainWorldOnly:false FolderPath:Lighting FolderGuid:963EC3EB4002CCE9759E2EBA541A873A
 |   |   |- [+] [ 19]
 |   |   |   |- Guid:F5E3FEB3450C49844FD93DA8E083C8AD NativeClass:/Script/Engine.PostProcessVolume Name:PostProcessVolume_0 Label:PostProcessVolume SpatiallyLoaded:false EditorBounds:IsValid=true, Min=(X=0.000 Y=0.000 Z=400.000), Max=(X=200.000 Y=200.000 Z=600.000) RuntimeBounds:IsValid=true, Min=(X=0.000 Y=0.000 Z=400.000), Max=(X=200.000 Y=200.000 Z=600.000) RuntimeGrid:None EditorOnly:false RuntimeOnly:false HLODRelevant:false ListedInSceneOutliner:true IsMainWorldOnly:false FolderPath:Lighting FolderGuid:963EC3EB4002CCE9759E2EBA541A873A
 |   |   |- [+] [ 20]
 |   |   |   |- Guid:F71A51404DE3BC3A56D96B8138021112 NativeClass:/Script/Engine.StaticMeshActor Name:StaticMeshActor_UAID_345A600A461BAA4502_1737372288 Label:Sphere4 SpatiallyLoaded:true EditorBounds:IsValid=true, Min=(X=700.050 Y=1270.050 Z=650.000), Max=(X=899.950 Y=1469.950 Z=849.900) RuntimeBounds:IsValid=true, Min=(X=700.050 Y=1270.050 Z=650.000), Max=(X=899.950 Y=1469.950 Z=849.900) RuntimeGrid:None EditorOnly:false RuntimeOnly:false HLODRelevant:true ListedInSceneOutliner:true IsMainWorldOnly:false
 |- ContainerInstances:
 |- [+] MainContainer:
 |   |-        ID: 00000000000000000000000000000000
 |   |-  ParentID: 00000000000000000000000000000000
 |   |-    Bounds: IsValid=false, Min=(X=0.000 Y=0.000 Z=0.000), Max=(X=0.000 Y=0.000 Z=0.000)
 |   |- Transform: 0.000000,0.000000,0.000000|0.000000,0.000000,-0.000000|1.000000,1.000000,1.000000
 |   |- Container: /Game/ThirdPerson/Maps/ThirdPersonMap
----------------------------------------------------------------------------------------------------------------
ThirdPersonMap - Persistent Level
----------------------------------------------------------------------------------------------------------------
[+] Content of ThirdPersonMap Persistent Level
 |- Always loaded Actor Count: 21 
 |- Actor Path: /Game/ThirdPerson/Maps/ThirdPersonMap.ThirdPersonMap:PersistentLevel.DirectionalLight_0
 |- Actor Package: /Game/__ExternalActors__/ThirdPerson/Maps/ThirdPersonMap/5/R1/TS5OQ5CRUWFZYL1ZQ7I416
 |- Actor Path: /Game/ThirdPerson/Maps/ThirdPersonMap.ThirdPersonMap:PersistentLevel.ExponentialHeightFog_0
 |- Actor Package: /Game/__ExternalActors__/ThirdPerson/Maps/ThirdPersonMap/6/J7/N10XDC9G27EMLS5AGZ6AVV
 |- Actor Path: /Game/ThirdPerson/Maps/ThirdPersonMap.ThirdPersonMap:PersistentLevel.PlayerStart_0
 |- Actor Package: /Game/__ExternalActors__/ThirdPerson/Maps/ThirdPersonMap/D/DE/SWSI13675DVYIZ0N4NF7Y3
 |- Actor Path: /Game/ThirdPerson/Maps/ThirdPersonMap.ThirdPersonMap:PersistentLevel.PostProcessVolume_0
 |- Actor Package: /Game/__ExternalActors__/ThirdPerson/Maps/ThirdPersonMap/1/AZ/A7GPT109Y6ZTTJD4A7TXER
 |- Actor Path: /Game/ThirdPerson/Maps/ThirdPersonMap.ThirdPersonMap:PersistentLevel.SkeletalMeshActor_UAID_345A600A461BA74C02_2019340143
 |- Actor Package: /Game/__ExternalActors__/ThirdPerson/Maps/ThirdPersonMap/7/03/NP7P95QTICB5OAZPPPA70Q
 |- Actor Path: /Game/ThirdPerson/Maps/ThirdPersonMap.ThirdPersonMap:PersistentLevel.SkyAtmosphere_0
 |- Actor Package: /Game/__ExternalActors__/ThirdPerson/Maps/ThirdPersonMap/4/LN/30UBDLYFFA5ZR7U4W4L4GG
 |- Actor Path: /Game/ThirdPerson/Maps/ThirdPersonMap.ThirdPersonMap:PersistentLevel.SkyLight_1
 |- Actor Package: /Game/__ExternalActors__/ThirdPerson/Maps/ThirdPersonMap/8/S1/DXUWD12MD3HRWVVXX076BY
 |- Actor Path: /Game/ThirdPerson/Maps/ThirdPersonMap.ThirdPersonMap:PersistentLevel.SpotLight_UAID_345A600A461B654A02_1766075415
 |- Actor Package: /Game/__ExternalActors__/ThirdPerson/Maps/ThirdPersonMap/0/CY/RIGV4MWPOJ1WDFSNJXO33I
 |- Actor Path: /Game/ThirdPerson/Maps/ThirdPersonMap.ThirdPersonMap:PersistentLevel.StaticMeshActor_UAID_345A600A461BA84502_1942715928
 |- Actor Package: /Game/__ExternalActors__/ThirdPerson/Maps/ThirdPersonMap/9/OM/YT9X56BP1RRT3K6Q5XTRCW
 |- Actor Path: /Game/ThirdPerson/Maps/ThirdPersonMap.ThirdPersonMap:PersistentLevel.StaticMeshActor_UAID_345A600A461BA94502_1217037107
 |- Actor Package: /Game/__ExternalActors__/ThirdPerson/Maps/ThirdPersonMap/C/AC/ENWDSYN7BEZQZH5Z7OYQNX
 |- Actor Path: /Game/ThirdPerson/Maps/ThirdPersonMap.ThirdPersonMap:PersistentLevel.StaticMeshActor_UAID_345A600A461BAA4502_1622342284
 |- Actor Package: /Game/__ExternalActors__/ThirdPerson/Maps/ThirdPersonMap/E/L6/7MY2NLW0P7M9JJYJ1Z43VS
 |- Actor Path: /Game/ThirdPerson/Maps/ThirdPersonMap.ThirdPersonMap:PersistentLevel.StaticMeshActor_UAID_345A600A461BAA4502_1710118285
 |- Actor Package: /Game/__ExternalActors__/ThirdPerson/Maps/ThirdPersonMap/4/71/6VAOFXUUFKUTEMD22TWOR0
 |- Actor Path: /Game/ThirdPerson/Maps/ThirdPersonMap.ThirdPersonMap:PersistentLevel.StaticMeshActor_UAID_345A600A461BAA4502_1712450286
 |- Actor Package: /Game/__ExternalActors__/ThirdPerson/Maps/ThirdPersonMap/8/AS/ZN43IXF6KD41PRHJ4FEG7C
 |- Actor Path: /Game/ThirdPerson/Maps/ThirdPersonMap.ThirdPersonMap:PersistentLevel.StaticMeshActor_UAID_345A600A461BAA4502_1724909287
 |- Actor Package: /Game/__ExternalActors__/ThirdPerson/Maps/ThirdPersonMap/0/QX/Z7B0IMX5HBYL81DO2AIMB3
 |- Actor Path: /Game/ThirdPerson/Maps/ThirdPersonMap.ThirdPersonMap:PersistentLevel.StaticMeshActor_UAID_345A600A461BAA4502_1737372288
 |- Actor Package: /Game/__ExternalActors__/ThirdPerson/Maps/ThirdPersonMap/8/TY/7UNPCK8IV2KLM3RBZ43RNG
 |- Actor Path: /Game/ThirdPerson/Maps/ThirdPersonMap.ThirdPersonMap:PersistentLevel.StaticMeshActor_UAID_345A600A461BAA4502_1866079289
 |- Actor Package: /Game/__ExternalActors__/ThirdPerson/Maps/ThirdPersonMap/C/KO/ZF85DJEBW4STF5LAONBH6P
 |- Actor Path: /Game/ThirdPerson/Maps/ThirdPersonMap.ThirdPersonMap:PersistentLevel.StaticMeshActor_UAID_345A600A461BAA4502_1925323290
 |- Actor Package: /Game/__ExternalActors__/ThirdPerson/Maps/ThirdPersonMap/3/8W/X7ADCPU5PHKYVHO0JY5UQB
 |- Actor Path: /Game/ThirdPerson/Maps/ThirdPersonMap.ThirdPersonMap:PersistentLevel.StaticMeshActor_UAID_345A600A461BD34E02_1652821999
 |- Actor Package: /Game/__ExternalActors__/ThirdPerson/Maps/ThirdPersonMap/1/41/NPV2LUGBZUV496XVY15B75
 |- Actor Path: /Game/ThirdPerson/Maps/ThirdPersonMap.ThirdPersonMap:PersistentLevel.StaticMeshActor_UAID_A4AE111137DC5EFB00_1110535423
 |- Actor Package: /Game/__ExternalActors__/ThirdPerson/Maps/ThirdPersonMap/4/PN/2QISIGK5DJNQ05US8O8FXW
 |- Actor Path: /Game/ThirdPerson/Maps/ThirdPersonMap.ThirdPersonMap:PersistentLevel.VolumetricCloud_0
 |- Actor Package: /Game/__ExternalActors__/ThirdPerson/Maps/ThirdPersonMap/3/EY/87SHEJN5UBEAN2K5OV1G6R
 |- Actor Path: /Game/ThirdPerson/Maps/ThirdPersonMap.ThirdPersonMap:PersistentLevel.WorldDataLayers
 |- Actor Package: /Game/__ExternalActors__/ThirdPerson/Maps/ThirdPersonMap/0/43/HYQWORMY4JDQ5X3OKZXFLC

----------------------------------------------------------------------------------------------------------------
ThirdPersonMap - Runtime Hash Set
----------------------------------------------------------------------------------------------------------------

