[+] Containers:
 |- [+] Container: /Game/Levels/PlatformingLevelBlock
 |   |- [+] ActorDescs:
 |   |   |- Guid:0D0287FE9D1E39678BBDDFB34437E92C NativeClass:/Script/Engine.StaticMeshActor Name:StaticMeshActor_UAID_345A600A461BAA4502_1622342284 Label:Torus SpatiallyLoaded:true EditorBounds:IsValid=true, Min=(X=1800.000 Y=1095.290 Z=555.290), Max=(X=2060.000 Y=1824.710 Z=1284.710) RuntimeBounds:IsValid=true, Min=(X=1800.000 Y=1095.290 Z=555.290), Max=(X=2060.000 Y=1824.710 Z=1284.710) RuntimeGrid:None EditorOnly:false RuntimeOnly:false HLODRelevant:true ListedInSceneOutliner:true IsMainWorldOnly:false
 |   |   |- Guid:19772828DE11334AAB1E8528F745169B NativeClass:/Script/Engine.StaticMeshActor Name:StaticMeshActor_UAID_345A600A461BAA4502_1724909287 Label:Sphere3 SpatiallyLoaded:true EditorBounds:IsValid=true, Min=(X=980.050 Y=1560.050 Z=650.000), Max=(X=1179.950 Y=1759.950 Z=849.900) RuntimeBounds:IsValid=true, Min=(X=980.050 Y=1560.050 Z=650.000), Max=(X=1179.950 Y=1759.950 Z=849.900) RuntimeGrid:None EditorOnly:false RuntimeOnly:false HLODRelevant:true ListedInSceneOutliner:true IsMainWorldOnly:false
 |   |   |- Guid:2DD9B1CBF9443A44A00263A5954D0390 NativeClass:/Script/Engine.DirectionalLight Name:DirectionalLight_0 Label:DirectionalLight SpatiallyLoaded:false EditorBounds:IsValid=false, Min=(X=0.000 Y=0.000 Z=0.000), Max=(X=0.000 Y=0.000 Z=0.000) RuntimeBounds:IsValid=false, Min=(X=0.000 Y=0.000 Z=0.000), Max=(X=0.000 Y=0.000 Z=0.000) RuntimeGrid:None EditorOnly:false RuntimeOnly:false HLODRelevant:false ListedInSceneOutliner:true IsMainWorldOnly:false FolderPath:Lighting FolderGuid:963EC3EB4002CCE9759E2EBA541A873A
 |   |   |- Guid:330AE6CEF3C036418D22E3E2BA4D1CE0 NativeClass:/Script/Engine.StaticMeshActor Name:StaticMeshActor_UAID_345A600A461BAA4502_1710118285 Label:Sphere SpatiallyLoaded:true EditorBounds:IsValid=true, Min=(X=1460.050 Y=1550.050 Z=650.000), Max=(X=1659.950 Y=1749.950 Z=849.900) RuntimeBounds:IsValid=true, Min=(X=1460.050 Y=1550.050 Z=650.000), Max=(X=1659.950 Y=1749.950 Z=849.900) RuntimeGrid:None EditorOnly:false RuntimeOnly:false HLODRelevant:true ListedInSceneOutliner:true IsMainWorldOnly:false
 |   |   |- Guid:469A0BD37EFB3BF999D498D707373DFA NativeClass:/Script/Engine.SkyLight Name:SkyLight_1 Label:SkyLight SpatiallyLoaded:false EditorBounds:IsValid=true, Min=(X=-1.000 Y=-1.000 Z=-1.000), Max=(X=1.000 Y=1.000 Z=690.000) RuntimeBounds:IsValid=true, Min=(X=0.000 Y=0.000 Z=690.000), Max=(X=0.000 Y=0.000 Z=690.000) RuntimeGrid:None EditorOnly:false RuntimeOnly:false HLODRelevant:false ListedInSceneOutliner:true IsMainWorldOnly:false FolderPath:Lighting FolderGuid:963EC3EB4002CCE9759E2EBA541A873A
 |   |   |- Guid:47F26DE8F77D3C009364E5E8CE9ED678 NativeClass:/Script/Engine.PostProcessVolume Name:PostProcessVolume_0 Label:PostProcessVolume SpatiallyLoaded:false EditorBounds:IsValid=true, Min=(X=0.000 Y=0.000 Z=400.000), Max=(X=200.000 Y=200.000 Z=600.000) RuntimeBounds:IsValid=true, Min=(X=0.000 Y=0.000 Z=400.000), Max=(X=200.000 Y=200.000 Z=600.000) RuntimeGrid:None EditorOnly:false RuntimeOnly:false HLODRelevant:false ListedInSceneOutliner:true IsMainWorldOnly:false FolderPath:Lighting FolderGuid:963EC3EB4002CCE9759E2EBA541A873A
 |   |   |- Guid:7A7009F47AF836839E05AF1FA2BC42A5 NativeClass:/Script/Engine.StaticMeshActor Name:StaticMeshActor_UAID_345A600A461BAA4502_1737372288 Label:Sphere4 SpatiallyLoaded:true EditorBounds:IsValid=true, Min=(X=700.050 Y=1270.050 Z=650.000), Max=(X=899.950 Y=1469.950 Z=849.900) RuntimeBounds:IsValid=true, Min=(X=700.050 Y=1270.050 Z=650.000), Max=(X=899.950 Y=1469.950 Z=849.900) RuntimeGrid:None EditorOnly:false RuntimeOnly:false HLODRelevant:true ListedInSceneOutliner:true IsMainWorldOnly:false
 |   |   |- Guid:83886781EF66315EA07E276789952896 NativeClass:/Script/Engine.StaticMeshActor Name:StaticMeshActor_UAID_345A600A461BAA4502_1925323290 Label:Cone SpatiallyLoaded:true EditorBounds:IsValid=true, Min=(X=-1028.750 Y=1311.250 Z=-195.000), Max=(X=-571.250 Y=1768.750 Z=720.000) RuntimeBounds:IsValid=true, Min=(X=-1028.750 Y=1311.250 Z=-195.000), Max=(X=-571.250 Y=1768.750 Z=720.000) RuntimeGrid:None EditorOnly:false RuntimeOnly:false HLODRelevant:true ListedInSceneOutliner:true IsMainWorldOnly:false
 |   |   |- Guid:9686D5684ABA3373B276B8F0E5D749A2 NativeClass:/Script/Engine.StaticMeshActor Name:StaticMeshActor_UAID_A4AE111137DC5EFB00_1110535423 Label:SM_SkySphere SpatiallyLoaded:false EditorBounds:IsValid=true, Min=(X=-1638400.000 Y=-1638400.000 Z=-1638400.000), Max=(X=1638400.000 Y=1638400.000 Z=1638400.000) RuntimeBounds:IsValid=true, Min=(X=-1638400.000 Y=-1638400.000 Z=-1638400.000), Max=(X=1638400.000 Y=1638400.000 Z=1638400.000) RuntimeGrid:None EditorOnly:false RuntimeOnly:false HLODRelevant:false ListedInSceneOutliner:true IsMainWorldOnly:false FolderPath:Lighting FolderGuid:963EC3EB4002CCE9759E2EBA541A873A
 |   |   |- Guid:98398FE3E96439C2BE759E8389649CA0 NativeClass:/Script/Engine.StaticMeshActor Name:StaticMeshActor_UAID_345A600A461BAA4502_1866079289 Label:Cylinder SpatiallyLoaded:true EditorBounds:IsValid=true, Min=(X=-410.000 Y=1490.000 Z=660.000), Max=(X=540.000 Y=1590.000 Z=760.000) RuntimeBounds:IsValid=true, Min=(X=-410.000 Y=1490.000 Z=660.000), Max=(X=540.000 Y=1590.000 Z=760.000) RuntimeGrid:None EditorOnly:false RuntimeOnly:false HLODRelevant:true ListedInSceneOutliner:true IsMainWorldOnly:false
 |   |   |- Guid:9BDAC0768B9D368E907481BDB3EC3C05 NativeClass:/Script/Engine.StaticMeshActor Name:StaticMeshActor_UAID_345A600A461BA84502_1942715928 Label:CubeGridToolOutput SpatiallyLoaded:true EditorBounds:IsValid=true, Min=(X=-100.000 Y=-500.000 Z=-0.000), Max=(X=2100.000 Y=500.000 Z=100.000) RuntimeBounds:IsValid=true, Min=(X=-100.000 Y=-500.000 Z=-0.000), Max=(X=2100.000 Y=500.000 Z=100.000) RuntimeGrid:None EditorOnly:false RuntimeOnly:false HLODRelevant:true ListedInSceneOutliner:true IsMainWorldOnly:false
 |   |   |- Guid:B5A9A721CE6D3E1DBC450C12B01B2695 NativeClass:/Script/Engine.SkyAtmosphere Name:SkyAtmosphere_0 Label:SkyAtmosphere SpatiallyLoaded:false EditorBounds:IsValid=true, Min=(X=-128.000 Y=-128.000 Z=892.000), Max=(X=240.000 Y=128.000 Z=1148.000) RuntimeBounds:IsValid=true, Min=(X=0.000 Y=0.000 Z=1020.000), Max=(X=0.000 Y=0.000 Z=1020.000) RuntimeGrid:None EditorOnly:false RuntimeOnly:false HLODRelevant:false ListedInSceneOutliner:true IsMainWorldOnly:false FolderPath:Lighting FolderGuid:963EC3EB4002CCE9759E2EBA541A873A
 |   |   |- Guid:D5BAA3743BEA316A89B04FF8E39792E8 NativeClass:/Script/Engine.ExponentialHeightFog Name:ExponentialHeightFog_0 Label:ExponentialHeightFog SpatiallyLoaded:false EditorBounds:IsValid=true, Min=(X=-5728.000 Y=-178.000 Z=-6978.000), Max=(X=-5472.000 Y=78.000 Z=-6722.000) RuntimeBounds:IsValid=true, Min=(X=-5600.000 Y=-50.000 Z=-6850.000), Max=(X=-5600.000 Y=-50.000 Z=-6850.000) RuntimeGrid:None EditorOnly:false RuntimeOnly:false HLODRelevant:false ListedInSceneOutliner:true IsMainWorldOnly:false FolderPath:Lighting FolderGuid:963EC3EB4002CCE9759E2EBA541A873A
 |   |   |- Guid:DE18AFECF4F8304C948F7D60427C7984 NativeClass:/Script/Engine.PlayerStart Name:PlayerStart_0 Label:PlayerStart SpatiallyLoaded:false EditorBounds:IsValid=true, Min=(X=-128.000 Y=-128.000 Z=72.000), Max=(X=240.000 Y=128.000 Z=328.000) RuntimeBounds:IsValid=true, Min=(X=-40.000 Y=-40.000 Z=108.000), Max=(X=40.000 Y=40.000 Z=292.000) RuntimeGrid:None EditorOnly:false RuntimeOnly:false HLODRelevant:false ListedInSceneOutliner:true IsMainWorldOnly:false
 |   |   |- Guid:DE686944D1C5375E8A0B0716C252718E NativeClass:/Script/Engine.VolumetricCloud Name:VolumetricCloud_0 Label:VolumetricCloud SpatiallyLoaded:false EditorBounds:IsValid=true, Min=(X=-128.000 Y=-128.000 Z=692.000), Max=(X=128.000 Y=128.000 Z=948.000) RuntimeBounds:IsValid=true, Min=(X=0.000 Y=0.000 Z=820.000), Max=(X=0.000 Y=0.000 Z=820.000) RuntimeGrid:None EditorOnly:false RuntimeOnly:false HLODRelevant:false ListedInSceneOutliner:true IsMainWorldOnly:false FolderPath:Lighting FolderGuid:963EC3EB4002CCE9759E2EBA541A873A
 |   |   |- Guid:E61DA9788F563EB1BF12AA61D83A3DFE NativeClass:/Script/Engine.StaticMeshActor Name:StaticMeshActor_UAID_345A600A461BA94502_1217037107 Label:Stairs SpatiallyLoaded:true EditorBounds:IsValid=true, Min=(X=2200.000 Y=-600.000 Z=80.000), Max=(X=3600.000 Y=1500.000 Z=800.000) RuntimeBounds:IsValid=true, Min=(X=2200.000 Y=-600.000 Z=80.000), Max=(X=3600.000 Y=1500.000 Z=800.000) RuntimeGrid:None EditorOnly:false RuntimeOnly:false HLODRelevant:true ListedInSceneOutliner:true IsMainWorldOnly:false
 |   |   |- Guid:EABD0D5C5BCC35C7965D97C41530CDF5 NativeClass:/Script/Engine.StaticMeshActor Name:StaticMeshActor_UAID_345A600A461BAA4502_1712450286 Label:Sphere2 SpatiallyLoaded:true EditorBounds:IsValid=true, Min=(X=1240.050 Y=1210.050 Z=650.000), Max=(X=1439.950 Y=1409.950 Z=849.900) RuntimeBounds:IsValid=true, Min=(X=1240.050 Y=1210.050 Z=650.000), Max=(X=1439.950 Y=1409.950 Z=849.900) RuntimeGrid:None EditorOnly:false RuntimeOnly:false HLODRelevant:true ListedInSceneOutliner:true IsMainWorldOnly:false
 |   |   |- Guid:F29C1B0D749A3695B25A93B3B9DBEAC4 NativeClass:/Script/Engine.WorldDataLayers Name:WorldDataLayers Label:WorldDataLayers SpatiallyLoaded:false EditorBounds:IsValid=false, Min=(X=0.000 Y=0.000 Z=0.000), Max=(X=0.000 Y=0.000 Z=0.000) RuntimeBounds:IsValid=false, Min=(X=0.000 Y=0.000 Z=0.000), Max=(X=0.000 Y=0.000 Z=0.000) RuntimeGrid:None EditorOnly:false RuntimeOnly:false HLODRelevant:false ListedInSceneOutliner:true IsMainWorldOnly:true
 |   |- [+] Clusters:
 |   |   |- [+] [  0]
 |   |   |   |- Guid:0D0287FE9D1E39678BBDDFB34437E92C NativeClass:/Script/Engine.StaticMeshActor Name:StaticMeshActor_UAID_345A600A461BAA4502_1622342284 Label:Torus SpatiallyLoaded:true EditorBounds:IsValid=true, Min=(X=1800.000 Y=1095.290 Z=555.290), Max=(X=2060.000 Y=1824.710 Z=1284.710) RuntimeBounds:IsValid=true, Min=(X=1800.000 Y=1095.290 Z=555.290), Max=(X=2060.000 Y=1824.710 Z=1284.710) RuntimeGrid:None EditorOnly:false RuntimeOnly:false HLODRelevant:true ListedInSceneOutliner:true IsMainWorldOnly:false
 |   |   |- [+] [  1]
 |   |   |   |- Guid:19772828DE11334AAB1E8528F745169B NativeClass:/Script/Engine.StaticMeshActor Name:StaticMeshActor_UAID_345A600A461BAA4502_1724909287 Label:Sphere3 SpatiallyLoaded:true EditorBounds:IsValid=true, Min=(X=980.050 Y=1560.050 Z=650.000), Max=(X=1179.950 Y=1759.950 Z=849.900) RuntimeBounds:IsValid=true, Min=(X=980.050 Y=1560.050 Z=650.000), Max=(X=1179.950 Y=1759.950 Z=849.900) RuntimeGrid:None EditorOnly:false RuntimeOnly:false HLODRelevant:true ListedInSceneOutliner:true IsMainWorldOnly:false
 |   |   |- [+] [  2]
 |   |   |   |- Guid:2DD9B1CBF9443A44A00263A5954D0390 NativeClass:/Script/Engine.DirectionalLight Name:DirectionalLight_0 Label:DirectionalLight SpatiallyLoaded:false EditorBounds:IsValid=false, Min=(X=0.000 Y=0.000 Z=0.000), Max=(X=0.000 Y=0.000 Z=0.000) RuntimeBounds:IsValid=false, Min=(X=0.000 Y=0.000 Z=0.000), Max=(X=0.000 Y=0.000 Z=0.000) RuntimeGrid:None EditorOnly:false RuntimeOnly:false HLODRelevant:false ListedInSceneOutliner:true IsMainWorldOnly:false FolderPath:Lighting FolderGuid:963EC3EB4002CCE9759E2EBA541A873A
 |   |   |- [+] [  3]
 |   |   |   |- Guid:330AE6CEF3C036418D22E3E2BA4D1CE0 NativeClass:/Script/Engine.StaticMeshActor Name:StaticMeshActor_UAID_345A600A461BAA4502_1710118285 Label:Sphere SpatiallyLoaded:true EditorBounds:IsValid=true, Min=(X=1460.050 Y=1550.050 Z=650.000), Max=(X=1659.950 Y=1749.950 Z=849.900) RuntimeBounds:IsValid=true, Min=(X=1460.050 Y=1550.050 Z=650.000), Max=(X=1659.950 Y=1749.950 Z=849.900) RuntimeGrid:None EditorOnly:false RuntimeOnly:false HLODRelevant:true ListedInSceneOutliner:true IsMainWorldOnly:false
 |   |   |- [+] [  4]
 |   |   |   |- Guid:469A0BD37EFB3BF999D498D707373DFA NativeClass:/Script/Engine.SkyLight Name:SkyLight_1 Label:SkyLight SpatiallyLoaded:false EditorBounds:IsValid=true, Min=(X=-1.000 Y=-1.000 Z=-1.000), Max=(X=1.000 Y=1.000 Z=690.000) RuntimeBounds:IsValid=true, Min=(X=0.000 Y=0.000 Z=690.000), Max=(X=0.000 Y=0.000 Z=690.000) RuntimeGrid:None EditorOnly:false RuntimeOnly:false HLODRelevant:false ListedInSceneOutliner:true IsMainWorldOnly:false FolderPath:Lighting FolderGuid:963EC3EB4002CCE9759E2EBA541A873A
 |   |   |- [+] [  5]
 |   |   |   |- Guid:47F26DE8F77D3C009364E5E8CE9ED678 NativeClass:/Script/Engine.PostProcessVolume Name:PostProcessVolume_0 Label:PostProcessVolume SpatiallyLoaded:false EditorBounds:IsValid=true, Min=(X=0.000 Y=0.000 Z=400.000), Max=(X=200.000 Y=200.000 Z=600.000) RuntimeBounds:IsValid=true, Min=(X=0.000 Y=0.000 Z=400.000), Max=(X=200.000 Y=200.000 Z=600.000) RuntimeGrid:None EditorOnly:false RuntimeOnly:false HLODRelevant:false ListedInSceneOutliner:true IsMainWorldOnly:false FolderPath:Lighting FolderGuid:963EC3EB4002CCE9759E2EBA541A873A
 |   |   |- [+] [  6]
 |   |   |   |- Guid:7A7009F47AF836839E05AF1FA2BC42A5 NativeClass:/Script/Engine.StaticMeshActor Name:StaticMeshActor_UAID_345A600A461BAA4502_1737372288 Label:Sphere4 SpatiallyLoaded:true EditorBounds:IsValid=true, Min=(X=700.050 Y=1270.050 Z=650.000), Max=(X=899.950 Y=1469.950 Z=849.900) RuntimeBounds:IsValid=true, Min=(X=700.050 Y=1270.050 Z=650.000), Max=(X=899.950 Y=1469.950 Z=849.900) RuntimeGrid:None EditorOnly:false RuntimeOnly:false HLODRelevant:true ListedInSceneOutliner:true IsMainWorldOnly:false
 |   |   |- [+] [  7]
 |   |   |   |- Guid:83886781EF66315EA07E276789952896 NativeClass:/Script/Engine.StaticMeshActor Name:StaticMeshActor_UAID_345A600A461BAA4502_1925323290 Label:Cone SpatiallyLoaded:true EditorBounds:IsValid=true, Min=(X=-1028.750 Y=1311.250 Z=-195.000), Max=(X=-571.250 Y=1768.750 Z=720.000) RuntimeBounds:IsValid=true, Min=(X=-1028.750 Y=1311.250 Z=-195.000), Max=(X=-571.250 Y=1768.750 Z=720.000) RuntimeGrid:None EditorOnly:false RuntimeOnly:false HLODRelevant:true ListedInSceneOutliner:true IsMainWorldOnly:false
 |   |   |- [+] [  8]
 |   |   |   |- Guid:9686D5684ABA3373B276B8F0E5D749A2 NativeClass:/Script/Engine.StaticMeshActor Name:StaticMeshActor_UAID_A4AE111137DC5EFB00_1110535423 Label:SM_SkySphere SpatiallyLoaded:false EditorBounds:IsValid=true, Min=(X=-1638400.000 Y=-1638400.000 Z=-1638400.000), Max=(X=1638400.000 Y=1638400.000 Z=1638400.000) RuntimeBounds:IsValid=true, Min=(X=-1638400.000 Y=-1638400.000 Z=-1638400.000), Max=(X=1638400.000 Y=1638400.000 Z=1638400.000) RuntimeGrid:None EditorOnly:false RuntimeOnly:false HLODRelevant:false ListedInSceneOutliner:true IsMainWorldOnly:false FolderPath:Lighting FolderGuid:963EC3EB4002CCE9759E2EBA541A873A
 |   |   |- [+] [  9]
 |   |   |   |- Guid:98398FE3E96439C2BE759E8389649CA0 NativeClass:/Script/Engine.StaticMeshActor Name:StaticMeshActor_UAID_345A600A461BAA4502_1866079289 Label:Cylinder SpatiallyLoaded:true EditorBounds:IsValid=true, Min=(X=-410.000 Y=1490.000 Z=660.000), Max=(X=540.000 Y=1590.000 Z=760.000) RuntimeBounds:IsValid=true, Min=(X=-410.000 Y=1490.000 Z=660.000), Max=(X=540.000 Y=1590.000 Z=760.000) RuntimeGrid:None EditorOnly:false RuntimeOnly:false HLODRelevant:true ListedInSceneOutliner:true IsMainWorldOnly:false
 |   |   |- [+] [ 10]
 |   |   |   |- Guid:9BDAC0768B9D368E907481BDB3EC3C05 NativeClass:/Script/Engine.StaticMeshActor Name:StaticMeshActor_UAID_345A600A461BA84502_1942715928 Label:CubeGridToolOutput SpatiallyLoaded:true EditorBounds:IsValid=true, Min=(X=-100.000 Y=-500.000 Z=-0.000), Max=(X=2100.000 Y=500.000 Z=100.000) RuntimeBounds:IsValid=true, Min=(X=-100.000 Y=-500.000 Z=-0.000), Max=(X=2100.000 Y=500.000 Z=100.000) RuntimeGrid:None EditorOnly:false RuntimeOnly:false HLODRelevant:true ListedInSceneOutliner:true IsMainWorldOnly:false
 |   |   |- [+] [ 11]
 |   |   |   |- Guid:B5A9A721CE6D3E1DBC450C12B01B2695 NativeClass:/Script/Engine.SkyAtmosphere Name:SkyAtmosphere_0 Label:SkyAtmosphere SpatiallyLoaded:false EditorBounds:IsValid=true, Min=(X=-128.000 Y=-128.000 Z=892.000), Max=(X=240.000 Y=128.000 Z=1148.000) RuntimeBounds:IsValid=true, Min=(X=0.000 Y=0.000 Z=1020.000), Max=(X=0.000 Y=0.000 Z=1020.000) RuntimeGrid:None EditorOnly:false RuntimeOnly:false HLODRelevant:false ListedInSceneOutliner:true IsMainWorldOnly:false FolderPath:Lighting FolderGuid:963EC3EB4002CCE9759E2EBA541A873A
 |   |   |- [+] [ 12]
 |   |   |   |- Guid:D5BAA3743BEA316A89B04FF8E39792E8 NativeClass:/Script/Engine.ExponentialHeightFog Name:ExponentialHeightFog_0 Label:ExponentialHeightFog SpatiallyLoaded:false EditorBounds:IsValid=true, Min=(X=-5728.000 Y=-178.000 Z=-6978.000), Max=(X=-5472.000 Y=78.000 Z=-6722.000) RuntimeBounds:IsValid=true, Min=(X=-5600.000 Y=-50.000 Z=-6850.000), Max=(X=-5600.000 Y=-50.000 Z=-6850.000) RuntimeGrid:None EditorOnly:false RuntimeOnly:false HLODRelevant:false ListedInSceneOutliner:true IsMainWorldOnly:false FolderPath:Lighting FolderGuid:963EC3EB4002CCE9759E2EBA541A873A
 |   |   |- [+] [ 13]
 |   |   |   |- Guid:DE18AFECF4F8304C948F7D60427C7984 NativeClass:/Script/Engine.PlayerStart Name:PlayerStart_0 Label:PlayerStart SpatiallyLoaded:false EditorBounds:IsValid=true, Min=(X=-128.000 Y=-128.000 Z=72.000), Max=(X=240.000 Y=128.000 Z=328.000) RuntimeBounds:IsValid=true, Min=(X=-40.000 Y=-40.000 Z=108.000), Max=(X=40.000 Y=40.000 Z=292.000) RuntimeGrid:None EditorOnly:false RuntimeOnly:false HLODRelevant:false ListedInSceneOutliner:true IsMainWorldOnly:false
 |   |   |- [+] [ 14]
 |   |   |   |- Guid:DE686944D1C5375E8A0B0716C252718E NativeClass:/Script/Engine.VolumetricCloud Name:VolumetricCloud_0 Label:VolumetricCloud SpatiallyLoaded:false EditorBounds:IsValid=true, Min=(X=-128.000 Y=-128.000 Z=692.000), Max=(X=128.000 Y=128.000 Z=948.000) RuntimeBounds:IsValid=true, Min=(X=0.000 Y=0.000 Z=820.000), Max=(X=0.000 Y=0.000 Z=820.000) RuntimeGrid:None EditorOnly:false RuntimeOnly:false HLODRelevant:false ListedInSceneOutliner:true IsMainWorldOnly:false FolderPath:Lighting FolderGuid:963EC3EB4002CCE9759E2EBA541A873A
 |   |   |- [+] [ 15]
 |   |   |   |- Guid:E61DA9788F563EB1BF12AA61D83A3DFE NativeClass:/Script/Engine.StaticMeshActor Name:StaticMeshActor_UAID_345A600A461BA94502_1217037107 Label:Stairs SpatiallyLoaded:true EditorBounds:IsValid=true, Min=(X=2200.000 Y=-600.000 Z=80.000), Max=(X=3600.000 Y=1500.000 Z=800.000) RuntimeBounds:IsValid=true, Min=(X=2200.000 Y=-600.000 Z=80.000), Max=(X=3600.000 Y=1500.000 Z=800.000) RuntimeGrid:None EditorOnly:false RuntimeOnly:false HLODRelevant:true ListedInSceneOutliner:true IsMainWorldOnly:false
 |   |   |- [+] [ 16]
 |   |   |   |- Guid:EABD0D5C5BCC35C7965D97C41530CDF5 NativeClass:/Script/Engine.StaticMeshActor Name:StaticMeshActor_UAID_345A600A461BAA4502_1712450286 Label:Sphere2 SpatiallyLoaded:true EditorBounds:IsValid=true, Min=(X=1240.050 Y=1210.050 Z=650.000), Max=(X=1439.950 Y=1409.950 Z=849.900) RuntimeBounds:IsValid=true, Min=(X=1240.050 Y=1210.050 Z=650.000), Max=(X=1439.950 Y=1409.950 Z=849.900) RuntimeGrid:None EditorOnly:false RuntimeOnly:false HLODRelevant:true ListedInSceneOutliner:true IsMainWorldOnly:false
 |   |   |- [+] [ 17]
 |   |   |   |- Guid:F29C1B0D749A3695B25A93B3B9DBEAC4 NativeClass:/Script/Engine.WorldDataLayers Name:WorldDataLayers Label:WorldDataLayers SpatiallyLoaded:false EditorBounds:IsValid=false, Min=(X=0.000 Y=0.000 Z=0.000), Max=(X=0.000 Y=0.000 Z=0.000) RuntimeBounds:IsValid=false, Min=(X=0.000 Y=0.000 Z=0.000), Max=(X=0.000 Y=0.000 Z=0.000) RuntimeGrid:None EditorOnly:false RuntimeOnly:false HLODRelevant:false ListedInSceneOutliner:true IsMainWorldOnly:true
 |- ContainerInstances:
 |- [+] MainContainer:
 |   |-        ID: 00000000000000000000000000000000
 |   |-  ParentID: 00000000000000000000000000000000
 |   |-    Bounds: IsValid=false, Min=(X=0.000 Y=0.000 Z=0.000), Max=(X=0.000 Y=0.000 Z=0.000)
 |   |- Transform: 0.000000,0.000000,0.000000|0.000000,0.000000,-0.000000|1.000000,1.000000,1.000000
 |   |- Container: /Game/Levels/PlatformingLevelBlock
----------------------------------------------------------------------------------------------------------------
PlatformingLevelBlock - Persistent Level
----------------------------------------------------------------------------------------------------------------
[+] Content of PlatformingLevelBlock Persistent Level
 |- Always loaded Actor Count: 18 
 |- Actor Path: /Game/Levels/PlatformingLevelBlock.PlatformingLevelBlock:PersistentLevel.DirectionalLight_0
 |- Actor Package: /Game/__ExternalActors__/Levels/PlatformingLevelBlock/6/V4/6RL3EXVSHAJ77CB7GF1BO4
 |- Actor Path: /Game/Levels/PlatformingLevelBlock.PlatformingLevelBlock:PersistentLevel.ExponentialHeightFog_0
 |- Actor Package: /Game/__ExternalActors__/Levels/PlatformingLevelBlock/5/AF/6MGU90VO8B6FKAEKQG0L6N
 |- Actor Path: /Game/Levels/PlatformingLevelBlock.PlatformingLevelBlock:PersistentLevel.PlayerStart_0
 |- Actor Package: /Game/__ExternalActors__/Levels/PlatformingLevelBlock/5/QX/AHJNHLF5URFH69IP5FL343
 |- Actor Path: /Game/Levels/PlatformingLevelBlock.PlatformingLevelBlock:PersistentLevel.PostProcessVolume_0
 |- Actor Package: /Game/__ExternalActors__/Levels/PlatformingLevelBlock/C/BF/Z7435O3Z7V18750DEBE6VR
 |- Actor Path: /Game/Levels/PlatformingLevelBlock.PlatformingLevelBlock:PersistentLevel.SkyAtmosphere_0
 |- Actor Package: /Game/__ExternalActors__/Levels/PlatformingLevelBlock/5/SQ/JL1JV3LAB0C7N9IQHDWUIH
 |- Actor Path: /Game/Levels/PlatformingLevelBlock.PlatformingLevelBlock:PersistentLevel.SkyLight_1
 |- Actor Package: /Game/__ExternalActors__/Levels/PlatformingLevelBlock/7/AZ/AT2NGAB0BPYZ539KZSC0KG
 |- Actor Path: /Game/Levels/PlatformingLevelBlock.PlatformingLevelBlock:PersistentLevel.StaticMeshActor_UAID_345A600A461BA84502_1942715928
 |- Actor Package: /Game/__ExternalActors__/Levels/PlatformingLevelBlock/7/10/A3H46Z1DRVHIR2HM4U3R7D
 |- Actor Path: /Game/Levels/PlatformingLevelBlock.PlatformingLevelBlock:PersistentLevel.StaticMeshActor_UAID_345A600A461BA94502_1217037107
 |- Actor Package: /Game/__ExternalActors__/Levels/PlatformingLevelBlock/4/JY/WM2UDB4G0N8AB7Y9VVIFJR
 |- Actor Path: /Game/Levels/PlatformingLevelBlock.PlatformingLevelBlock:PersistentLevel.StaticMeshActor_UAID_345A600A461BAA4502_1622342284
 |- Actor Package: /Game/__ExternalActors__/Levels/PlatformingLevelBlock/6/84/E0E0X7Q8NQCJUUDHP0HQGH
 |- Actor Path: /Game/Levels/PlatformingLevelBlock.PlatformingLevelBlock:PersistentLevel.StaticMeshActor_UAID_345A600A461BAA4502_1710118285
 |- Actor Package: /Game/__ExternalActors__/Levels/PlatformingLevelBlock/9/PD/0VF8LM7BNPPMJYZYZFCLZG
 |- Actor Path: /Game/Levels/PlatformingLevelBlock.PlatformingLevelBlock:PersistentLevel.StaticMeshActor_UAID_345A600A461BAA4502_1712450286
 |- Actor Package: /Game/__ExternalActors__/Levels/PlatformingLevelBlock/0/QK/K7XPZ5ED0VZONS5TABSYWR
 |- Actor Path: /Game/Levels/PlatformingLevelBlock.PlatformingLevelBlock:PersistentLevel.StaticMeshActor_UAID_345A600A461BAA4502_1724909287
 |- Actor Package: /Game/__ExternalActors__/Levels/PlatformingLevelBlock/A/Q9/67X2G0VR2UTYNSYIIS5FWS
 |- Actor Path: /Game/Levels/PlatformingLevelBlock.PlatformingLevelBlock:PersistentLevel.StaticMeshActor_UAID_345A600A461BAA4502_1737372288
 |- Actor Package: /Game/__ExternalActors__/Levels/PlatformingLevelBlock/E/ZK/08CY37Y7GATXV5QQLCA9A9
 |- Actor Path: /Game/Levels/PlatformingLevelBlock.PlatformingLevelBlock:PersistentLevel.StaticMeshActor_UAID_345A600A461BAA4502_1866079289
 |- Actor Package: /Game/__ExternalActors__/Levels/PlatformingLevelBlock/6/TF/ZM048YGVWHUTOW47F3YLU8
 |- Actor Path: /Game/Levels/PlatformingLevelBlock.PlatformingLevelBlock:PersistentLevel.StaticMeshActor_UAID_345A600A461BAA4502_1925323290
 |- Actor Package: /Game/__ExternalActors__/Levels/PlatformingLevelBlock/0/97/7K2RQGDIETEM88FHBUXS4J
 |- Actor Path: /Game/Levels/PlatformingLevelBlock.PlatformingLevelBlock:PersistentLevel.StaticMeshActor_UAID_A4AE111137DC5EFB00_1110535423
 |- Actor Package: /Game/__ExternalActors__/Levels/PlatformingLevelBlock/3/ZW/1URG1OLB1VB0B5ITWFINCF
 |- Actor Path: /Game/Levels/PlatformingLevelBlock.PlatformingLevelBlock:PersistentLevel.VolumetricCloud_0
 |- Actor Package: /Game/__ExternalActors__/Levels/PlatformingLevelBlock/4/MO/8A8SJRE2YGNNFWXKMODSP2
 |- Actor Path: /Game/Levels/PlatformingLevelBlock.PlatformingLevelBlock:PersistentLevel.WorldDataLayers
 |- Actor Package: /Game/__ExternalActors__/Levels/PlatformingLevelBlock/A/31/GLAUZUWFZC12MWQPADO3BS

----------------------------------------------------------------------------------------------------------------
PlatformingLevelBlock - Runtime Hash Set
----------------------------------------------------------------------------------------------------------------

